This is pdfTeX, Version 3.141592653-2.6-1.40.22 (TeX Live 2022/dev/Debian) (preloaded format=pdflatex 2025.5.26)  5 OCT 2025 08:59
entering extended mode
 restricted \write18 enabled.
 %&-line parsing enabled.
**P09_VOC_S04_AI_2025-10-05_compilation.tex
(./P09_VOC_S04_AI_2025-10-05_compilation.tex
LaTeX2e <2021-11-15> patch level 1
L3 programming layer <2022-01-21>
(/usr/share/texlive/texmf-dist/tex/latex/base/article.cls
Document Class: article 2021/10/04 v1.4n Standard LaTeX document class
(/usr/share/texlive/texmf-dist/tex/latex/base/size10.clo
File: size10.clo 2021/10/04 v1.4n Standard LaTeX file (size option)
)
\c@part=\count185
\c@section=\count186
\c@subsection=\count187
\c@subsubsection=\count188
\c@paragraph=\count189
\c@subparagraph=\count190
\c@figure=\count191
\c@table=\count192
\abovecaptionskip=\skip47
\belowcaptionskip=\skip48
\bibindent=\dimen138
)
(/home/pierres/bin/packages.tex
(/usr/share/texlive/texmf-dist/tex/latex/base/inputenc.sty
Package: inputenc 2021/02/14 v1.3d Input encoding file
\inpenc@prehook=\toks16
\inpenc@posthook=\toks17

(/usr/share/texlive/texmf-dist/tex/latex/ucs/utf8x.def
File: utf8x.def 2004/10/17 UCS: Input encoding UTF-8
))
(/usr/share/texlive/texmf-dist/tex/latex/ucs/ucs.sty
Package: ucs 2013/05/11 v2.2 UCS: Unicode input support

(/usr/share/texlive/texmf-dist/tex/latex/ucs/data/uni-global.def
File: uni-global.def 2013/05/13 UCS: Unicode global data
)
\uc@secondtry=\count193
\uc@combtoks=\toks18
\uc@combtoksb=\toks19
\uc@temptokena=\toks20
)
(/usr/share/texlive/texmf-dist/tex/latex/base/fontenc.sty
Package: fontenc 2021/04/29 v2.0v Standard LaTeX package
)
(/usr/share/texmf/tex/latex/AMC/automultiplechoice.sty
AMC version: 2021/11/21 v1.5.2 r:d5fe5a59
Package: automultiplechoice 2021/11/21 v1.5.2 r:d5fe5a59
(/usr/share/texlive/texmf-dist/tex/latex/xcolor/xcolor.sty
Package: xcolor 2021/10/31 v2.13 LaTeX color extensions (UK)

(/usr/share/texlive/texmf-dist/tex/latex/graphics-cfg/color.cfg
File: color.cfg 2016/01/02 v1.6 sample color configuration
)
Package xcolor Info: Driver file: pdftex.def on input line 227.

(/usr/share/texlive/texmf-dist/tex/latex/graphics-def/pdftex.def
File: pdftex.def 2020/10/05 v1.2a Graphics/color driver for pdftex
)
Package xcolor Info: Model `cmy' substituted by `cmy0' on input line 1352.
Package xcolor Info: Model `hsb' substituted by `rgb' on input line 1356.
Package xcolor Info: Model `RGB' extended on input line 1368.
Package xcolor Info: Model `HTML' substituted by `rgb' on input line 1370.
Package xcolor Info: Model `Hsb' substituted by `hsb' on input line 1371.
Package xcolor Info: Model `tHsb' substituted by `hsb' on input line 1372.
Package xcolor Info: Model `HSB' substituted by `hsb' on input line 1373.
Package xcolor Info: Model `Gray' substituted by `gray' on input line 1374.
Package xcolor Info: Model `wave' substituted by `hsb' on input line 1375.
)
(/usr/share/texlive/texmf-dist/tex/latex/fancyhdr/fancyhdr.sty
Package: fancyhdr 2021/01/28 v4.0.1 Extensive control of page headers and foote
rs
\f@nch@headwidth=\skip49
\f@nch@O@elh=\skip50
\f@nch@O@erh=\skip51
\f@nch@O@olh=\skip52
\f@nch@O@orh=\skip53
\f@nch@O@elf=\skip54
\f@nch@O@erf=\skip55
\f@nch@O@olf=\skip56
\f@nch@O@orf=\skip57
)
(/usr/share/texlive/texmf-dist/tex/latex/bophook/bophook.sty
Package: bophook 2001/03/29 v0.02 beginning-of-page hook, K. Tinnefeld
)
(/usr/share/texlive/texmf-dist/tex/latex/xkeyval/xkeyval.sty
Package: xkeyval 2020/11/20 v2.8 package option processing (HA)

(/usr/share/texlive/texmf-dist/tex/generic/xkeyval/xkeyval.tex
(/usr/share/texlive/texmf-dist/tex/generic/xkeyval/xkvutils.tex
\XKV@toks=\toks21
\XKV@tempa@toks=\toks22

(/usr/share/texlive/texmf-dist/tex/generic/xkeyval/keyval.tex))
\XKV@depth=\count194
File: xkeyval.tex 2014/12/03 v2.7a key=value parser (HA)
))
(/usr/share/texlive/texmf-dist/tex/latex/graphics/rotating.sty
Package: rotating 2016/08/11 v2.16d rotated objects in LaTeX

(/usr/share/texlive/texmf-dist/tex/latex/graphics/graphicx.sty
Package: graphicx 2021/09/16 v1.2d Enhanced LaTeX Graphics (DPC,SPQR)

(/usr/share/texlive/texmf-dist/tex/latex/graphics/graphics.sty
Package: graphics 2021/03/04 v1.4d Standard LaTeX Graphics (DPC,SPQR)

(/usr/share/texlive/texmf-dist/tex/latex/graphics/trig.sty
Package: trig 2021/08/11 v1.11 sin cos tan (DPC)
)
(/usr/share/texlive/texmf-dist/tex/latex/graphics-cfg/graphics.cfg
File: graphics.cfg 2016/06/04 v1.11 sample graphics configuration
)
Package graphics Info: Driver file: pdftex.def on input line 107.
)
\Gin@req@height=\dimen139
\Gin@req@width=\dimen140
)
(/usr/share/texlive/texmf-dist/tex/latex/base/ifthen.sty
Package: ifthen 2020/11/24 v1.1c Standard LaTeX ifthen package (DPC)
)
\c@r@tfl@t=\count195
\rotFPtop=\skip58
\rotFPbot=\skip59
\rot@float@box=\box50
\rot@mess@toks=\toks23
)
(/usr/share/texlive/texmf-dist/tex/latex/fancybox/fancybox.sty
Package: fancybox 2010/05/15 1.4

Style option: `fancybox' v1.4 <2010/05/15> (tvz)
\@fancybox=\box51
\shadowsize=\dimen141
\@Sbox=\box52
\do@VerbBox=\toks24
\the@fancyput=\toks25
\this@fancyput=\toks26
\EndVerbatimTokens=\toks27
\Verbatim@Outfile=\write3
\Verbatim@Infile=\read2
) (/usr/share/texlive/texmf-dist/tex/latex/l3kernel/expl3.sty
Package: expl3 2022-01-21 L3 programming layer (loader) 

(/usr/share/texlive/texmf-dist/tex/latex/l3backend/l3backend-pdftex.def
File: l3backend-pdftex.def 2022-01-12 L3 backend support: PDF output (pdfTeX)
\l__color_backend_stack_int=\count196
\l__pdf_internal_box=\box53
))
(/usr/share/texlive/texmf-dist/tex/latex/csvsimple/csvsimple.sty
(/usr/share/texlive/texmf-dist/tex/latex/l3packages/l3keys2e/l3keys2e.sty
Package: l3keys2e 2022-01-12 LaTeX2e option processing using LaTeX3 keys
)
Package: csvsimple 2022/02/01 v2.3.0 LaTeX CSV file processing
)
(/usr/share/texlive/texmf-dist/tex/latex/csvsimple/csvsimple-legacy.sty
Package: csvsimple-legacy 2022/02/01 version 2.3.0 LaTeX2e CSV file processing

(/usr/share/texlive/texmf-dist/tex/latex/pgf/utilities/pgfrcs.sty
(/usr/share/texlive/texmf-dist/tex/generic/pgf/utilities/pgfutil-common.tex
\pgfutil@everybye=\toks28
\pgfutil@tempdima=\dimen142
\pgfutil@tempdimb=\dimen143

(/usr/share/texlive/texmf-dist/tex/generic/pgf/utilities/pgfutil-common-lists.t
ex)) (/usr/share/texlive/texmf-dist/tex/generic/pgf/utilities/pgfutil-latex.def
\pgfutil@abb=\box54
) (/usr/share/texlive/texmf-dist/tex/generic/pgf/utilities/pgfrcs.code.tex
(/usr/share/texlive/texmf-dist/tex/generic/pgf/pgf.revision.tex)
Package: pgfrcs 2021/05/15 v3.1.9a (3.1.9a)
))
(/usr/share/texlive/texmf-dist/tex/latex/pgf/utilities/pgfkeys.sty
(/usr/share/texlive/texmf-dist/tex/generic/pgf/utilities/pgfkeys.code.tex
\pgfkeys@pathtoks=\toks29
\pgfkeys@temptoks=\toks30

(/usr/share/texlive/texmf-dist/tex/generic/pgf/utilities/pgfkeysfiltered.code.t
ex
\pgfkeys@tmptoks=\toks31
))) (/usr/share/texlive/texmf-dist/tex/latex/etoolbox/etoolbox.sty
Package: etoolbox 2020/10/05 v2.5k e-TeX tools for LaTeX (JAW)
\etb@tempcnta=\count197
)
(/usr/share/texlive/texmf-dist/tex/latex/tools/shellesc.sty
Package: shellesc 2019/11/08 v1.0c unified shell escape interface for LaTeX
Package shellesc Info: Restricted shell escape enabled on input line 77.
)
\csv@file=\read3
\c@csvinputline=\count198
\c@csvrow=\count199
\c@csvcol=\count266
\csv@out=\write4
)
(/usr/share/texlive/texmf-dist/tex/latex/environ/environ.sty
Package: environ 2014/05/04 v0.3 A new way to define environments

(/usr/share/texlive/texmf-dist/tex/latex/trimspaces/trimspaces.sty
Package: trimspaces 2009/09/17 v1.1 Trim spaces around a token list
)
\@envbody=\toks32
)
\AMC@logfile=\write5
\openout5 = `P09_VOC_S04_AI_2025-10-05_compilation.amc'.

\AMCload@counter=\count267
\AMCid@quest=\count268
\AMCid@check=\count269
\AMCid@etud=\count270
\AMCid@etudstart=\count271
\AMCid@etudfin=\count272
\AMCnum@copies=\count273
\AMCformVSpace=\dimen144
\AMCformHSpace=\dimen145
\AMCinterIrep=\dimen146
\AMCinterBrep=\dimen147
\AMCinterIquest=\dimen148
\AMCinterBquest=\dimen149
\AMCpostOquest=\dimen150
\AMCids@width=\dimen151
\AMCids@height=\dimen152
\AMC@SR=\count274
\AMC@SR@count=\count275
\AMC@SRnum=\count276
\AMC@sti=\count277
\AMC@stil=\count278
\AMCsw@p@=\toks33
\AMC@numerotation=\count279
\AMC@XYspecial=\write6
\AMC@tmpXY=\write7
\AMC@smashbox=\box55
\AMC@smashboxheight=\dimen153
\c@AMC@ncase=\count280
\AMC@boxedrule=\skip60
\AMC@crossrule=\skip61
\AMC@boxeddown=\skip62
\AMC@boxedwidth=\skip63
\AMC@boxedheight=\skip64
\AMC@oval@radius=\skip65
\AMC@outside@sep=\skip66
\AMC@CBtaille=\skip67
\AMCbin@sequence=\toks34
\AMCbin@number=\count281
\AMCbin@digit=\count282
\AMCbin@id=\count283
\AMCbin@did=\count284
\AMCbin@ndigits=\count285
\AMCbin@hsep=\dimen154
\AMCtok@k=\count286
\AMCtok@max=\count287
\AMCtok@size=\count288
\AMC@imax=\count289
\AMCtok@ik=\count290
\AMCloop@k=\count291
\AMCrep@count=\count292
\reponse@cxcix=\toks35
\reponse@cxcviii=\toks36
\reponse@cxcvii=\toks37
\reponse@cxcvi=\toks38
\reponse@cxcv=\toks39
\reponse@cxciv=\toks40
\reponse@cxciii=\toks41
\reponse@cxcii=\toks42
\reponse@cxci=\toks43
\reponse@cxc=\toks44
\reponse@clxxxix=\toks45
\reponse@clxxxviii=\toks46
\reponse@clxxxvii=\toks47
\reponse@clxxxvi=\toks48
\reponse@clxxxv=\toks49
\reponse@clxxxiv=\toks50
\reponse@clxxxiii=\toks51
\reponse@clxxxii=\toks52
\reponse@clxxxi=\toks53
\reponse@clxxx=\toks54
\reponse@clxxix=\toks55
\reponse@clxxviii=\toks56
\reponse@clxxvii=\toks57
\reponse@clxxvi=\toks58
\reponse@clxxv=\toks59
\reponse@clxxiv=\toks60
\reponse@clxxiii=\toks61
\reponse@clxxii=\toks62
\reponse@clxxi=\toks63
\reponse@clxx=\toks64
\reponse@clxix=\toks65
\reponse@clxviii=\toks66
\reponse@clxvii=\toks67
\reponse@clxvi=\toks68
\reponse@clxv=\toks69
\reponse@clxiv=\toks70
\reponse@clxiii=\toks71
\reponse@clxii=\toks72
\reponse@clxi=\toks73
\reponse@clx=\toks74
\reponse@clix=\toks75
\reponse@clviii=\toks76
\reponse@clvii=\toks77
\reponse@clvi=\toks78
\reponse@clv=\toks79
\reponse@cliv=\toks80
\reponse@cliii=\toks81
\reponse@clii=\toks82
\reponse@cli=\toks83
\reponse@cl=\toks84
\reponse@cxlix=\toks85
\reponse@cxlviii=\toks86
\reponse@cxlvii=\toks87
\reponse@cxlvi=\toks88
\reponse@cxlv=\toks89
\reponse@cxliv=\toks90
\reponse@cxliii=\toks91
\reponse@cxlii=\toks92
\reponse@cxli=\toks93
\reponse@cxl=\toks94
\reponse@cxxxix=\toks95
\reponse@cxxxviii=\toks96
\reponse@cxxxvii=\toks97
\reponse@cxxxvi=\toks98
\reponse@cxxxv=\toks99
\reponse@cxxxiv=\toks100
\reponse@cxxxiii=\toks101
\reponse@cxxxii=\toks102
\reponse@cxxxi=\toks103
\reponse@cxxx=\toks104
\reponse@cxxix=\toks105
\reponse@cxxviii=\toks106
\reponse@cxxvii=\toks107
\reponse@cxxvi=\toks108
\reponse@cxxv=\toks109
\reponse@cxxiv=\toks110
\reponse@cxxiii=\toks111
\reponse@cxxii=\toks112
\reponse@cxxi=\toks113
\reponse@cxx=\toks114
\reponse@cxix=\toks115
\reponse@cxviii=\toks116
\reponse@cxvii=\toks117
\reponse@cxvi=\toks118
\reponse@cxv=\toks119
\reponse@cxiv=\toks120
\reponse@cxiii=\toks121
\reponse@cxii=\toks122
\reponse@cxi=\toks123
\reponse@cx=\toks124
\reponse@cix=\toks125
\reponse@cviii=\toks126
\reponse@cvii=\toks127
\reponse@cvi=\toks128
\reponse@cv=\toks129
\reponse@civ=\toks130
\reponse@ciii=\toks131
\reponse@cii=\toks132
\reponse@ci=\toks133
\reponse@c=\toks134
\reponse@xcix=\toks135
\reponse@xcviii=\toks136
\reponse@xcvii=\toks137
\reponse@xcvi=\toks138
\reponse@xcv=\toks139
\reponse@xciv=\toks140
\reponse@xciii=\toks141
\reponse@xcii=\toks142
\reponse@xci=\toks143
\reponse@xc=\toks144
\reponse@lxxxix=\toks145
\reponse@lxxxviii=\toks146
\reponse@lxxxvii=\toks147
\reponse@lxxxvi=\toks148
\reponse@lxxxv=\toks149
\reponse@lxxxiv=\toks150
\reponse@lxxxiii=\toks151
\reponse@lxxxii=\toks152
\reponse@lxxxi=\toks153
\reponse@lxxx=\toks154
\reponse@lxxix=\toks155
\reponse@lxxviii=\toks156
\reponse@lxxvii=\toks157
\reponse@lxxvi=\toks158
\reponse@lxxv=\toks159
\reponse@lxxiv=\toks160
\reponse@lxxiii=\toks161
\reponse@lxxii=\toks162
\reponse@lxxi=\toks163
\reponse@lxx=\toks164
\reponse@lxix=\toks165
\reponse@lxviii=\toks166
\reponse@lxvii=\toks167
\reponse@lxvi=\toks168
\reponse@lxv=\toks169
\reponse@lxiv=\toks170
\reponse@lxiii=\toks171
\reponse@lxii=\toks172
\reponse@lxi=\toks173
\reponse@lx=\toks174
\reponse@lix=\toks175
\reponse@lviii=\toks176
\reponse@lvii=\toks177
\reponse@lvi=\toks178
\reponse@lv=\toks179
\reponse@liv=\toks180
\reponse@liii=\toks181
\reponse@lii=\toks182
\reponse@li=\toks183
\reponse@l=\toks184
\reponse@xlix=\toks185
\reponse@xlviii=\toks186
\reponse@xlvii=\toks187
\reponse@xlvi=\toks188
\reponse@xlv=\toks189
\reponse@xliv=\toks190
\reponse@xliii=\toks191
\reponse@xlii=\toks192
\reponse@xli=\toks193
\reponse@xl=\toks194
\reponse@xxxix=\toks195
\reponse@xxxviii=\toks196
\reponse@xxxvii=\toks197
\reponse@xxxvi=\toks198
\reponse@xxxv=\toks199
\reponse@xxxiv=\toks200
\reponse@xxxiii=\toks201
\reponse@xxxii=\toks202
\reponse@xxxi=\toks203
\reponse@xxx=\toks204
\reponse@xxix=\toks205
\reponse@xxviii=\toks206
\reponse@xxvii=\toks207
\reponse@xxvi=\toks208
\reponse@xxv=\toks209
\reponse@xxiv=\toks210
\reponse@xxiii=\toks211
\reponse@xxii=\toks212
\reponse@xxi=\toks213
\reponse@xx=\toks214
\reponse@xix=\toks215
\reponse@xviii=\toks216
\reponse@xvii=\toks217
\reponse@xvi=\toks218
\reponse@xv=\toks219
\reponse@xiv=\toks220
\reponse@xiii=\toks221
\reponse@xii=\toks222
\reponse@xi=\toks223
\reponse@x=\toks224
\reponse@ix=\toks225
\reponse@viii=\toks226
\reponse@vii=\toks227
\reponse@vi=\toks228
\reponse@v=\toks229
\reponse@iv=\toks230
\reponse@iii=\toks231
\reponse@ii=\toks232
\reponse@i=\toks233
\AMCnum@questions=\count293
\AMCrep@@count=\count294
\amc_memory_elts_count=\count295
\AMChorizAnswerSep=\skip68
\AMChorizBoxSep=\skip69
\AMC@mn@test=\skip70
\AMC@mn@sep=\skip71
\AMC@mn@leftmargin=\skip72
\AMC@mn@rightmargin=\skip73
\AMC@sz@width=\skip74
\AMC@sz@height=\skip75
\AMC@sz@depth=\skip76
\AMC@sza@width=\skip77
\AMC@sza@height=\skip78
\AMC@sza@depth=\skip79
\c@AMCquestionaff=\count296
\ouverte@vs=\dimen155
\AMC@chiffres=\count297
\AMCcodeHspace=\dimen156
\AMCcodeVspace=\dimen157
\amc_code_digit_n_int=\count298
\amc_num_exponent_int=\count299
\amc_todigits_int=\count300
\AMCnumeric@Hspace=\dimen158
\AMCnumeric@Vspace=\dimen159
\amc_num_ndigits_int=\count301
\amc_num_decd_int=\count302
\amc_num_expo_int=\count303
\amc_num_base_int=\count304
\amc_num_exact_int=\count305
\amc_num_approx_int=\count306
\amc_num_digit_value_int=\count307
\amc_num_first_digit_int=\count308
\amc_num_digit_int=\count309
\amc_num_sign_int=\count310
\amc_num_expo_sign_int=\count311
\amc_num_correct_expo_int=\count312
\AMCopen@Hspace=\dimen160
\AMCopen@LineHeight=\dimen161
\AMCopen@Lines=\count313
\AMCopen@boxmargin=\dimen162
\AMCopen@boxframerule=\dimen163
\AMCopen@framerule=\dimen164
\AMC@addpages=\count314

(/usr/share/texlive/texmf-dist/tex/latex/etex-pkg/etex.sty
Package: etex 2016/08/01 v2.7 eTeX basic definition package (PEB,DPC)


Package etex Warning: Extended allocation already in use.
(etex)                etex.sty code will not be used.
(etex)                To force etex package to load, add
(etex)                \RequirePackage{etex}
(etex)                at the start of the document.

) (/usr/share/texlive/texmf-dist/tex/latex/geometry/geometry.sty
Package: geometry 2020/01/02 v5.9 Page Geometry

(/usr/share/texlive/texmf-dist/tex/generic/iftex/ifvtex.sty
Package: ifvtex 2019/10/25 v1.7 ifvtex legacy package. Use iftex instead.

(/usr/share/texlive/texmf-dist/tex/generic/iftex/iftex.sty
Package: iftex 2020/03/06 v1.0d TeX engine tests
))
\Gm@cnth=\count315
\Gm@cntv=\count316
\c@Gm@tempcnt=\count317
\Gm@bindingoffset=\dimen165
\Gm@wd@mp=\dimen166
\Gm@odd@mp=\dimen167
\Gm@even@mp=\dimen168
\Gm@layoutwidth=\dimen169
\Gm@layoutheight=\dimen170
\Gm@layouthoffset=\dimen171
\Gm@layoutvoffset=\dimen172
\Gm@dimlist=\toks234
))
(/usr/share/texlive/texmf-dist/tex/latex/tools/multicol.sty
Package: multicol 2021/10/28 v1.9b multicolumn formatting (FMi)
\c@tracingmulticols=\count318
\mult@box=\box56
\multicol@leftmargin=\dimen173
\c@unbalance=\count319
\c@collectmore=\count320
\doublecol@number=\count321
\multicoltolerance=\count322
\multicolpretolerance=\count323
\full@width=\dimen174
\page@free=\dimen175
\premulticols=\dimen176
\postmulticols=\dimen177
\multicolsep=\skip80
\multicolbaselineskip=\skip81
\partial@page=\box57
\last@line=\box58
\maxbalancingoverflow=\dimen178
\mult@rightbox=\box59
\mult@grightbox=\box60
\mult@firstbox=\box61
\mult@gfirstbox=\box62
\@tempa=\box63
\@tempa=\box64
\@tempa=\box65
\@tempa=\box66
\@tempa=\box67
\@tempa=\box68
\@tempa=\box69
\@tempa=\box70
\@tempa=\box71
\@tempa=\box72
\@tempa=\box73
\@tempa=\box74
\@tempa=\box75
\@tempa=\box76
\@tempa=\box77
\@tempa=\box78
\@tempa=\box79
\@tempa=\box80
\@tempa=\box81
\@tempa=\box82
\@tempa=\box83
\@tempa=\box84
\@tempa=\box85
\@tempa=\box86
\@tempa=\box87
\@tempa=\box88
\@tempa=\box89
\@tempa=\box90
\@tempa=\box91
\@tempa=\box92
\@tempa=\box93
\@tempa=\box94
\@tempa=\box95
\@tempa=\box96
\@tempa=\box97
\@tempa=\box98
\c@minrows=\count324
\c@columnbadness=\count325
\c@finalcolumnbadness=\count326
\last@try=\dimen179
\multicolovershoot=\dimen180
\multicolundershoot=\dimen181
\mult@nat@firstbox=\box99
\colbreak@box=\box100
\mc@col@check@num=\count327
)
(/usr/share/texlive/texmf-dist/tex/latex/comment/comment.sty
\CommentStream=\write8

Excluding comment 'comment')
(/usr/share/texlive/texmf-dist/tex/latex/enumitem/enumitem.sty
Package: enumitem 2019/06/20 v3.9 Customized lists
\enitkv@toks@=\toks235
\labelindent=\skip82
\enit@outerparindent=\dimen182
\enit@toks=\toks236
\enit@inbox=\box101
\enit@count@id=\count328
\enitdp@description=\count329
))
(./P09_VOC_S04_AI_2025-10-05_compilation.aux)
\openout1 = `P09_VOC_S04_AI_2025-10-05_compilation.aux'.

LaTeX Font Info:    Checking defaults for OML/cmm/m/it on input line 5.
LaTeX Font Info:    ... okay on input line 5.
LaTeX Font Info:    Checking defaults for OMS/cmsy/m/n on input line 5.
LaTeX Font Info:    ... okay on input line 5.
LaTeX Font Info:    Checking defaults for OT1/cmr/m/n on input line 5.
LaTeX Font Info:    ... okay on input line 5.
LaTeX Font Info:    Checking defaults for T1/cmr/m/n on input line 5.
LaTeX Font Info:    ... okay on input line 5.
LaTeX Font Info:    Checking defaults for TS1/cmr/m/n on input line 5.
LaTeX Font Info:    ... okay on input line 5.
LaTeX Font Info:    Checking defaults for OMX/cmex/m/n on input line 5.
LaTeX Font Info:    ... okay on input line 5.
LaTeX Font Info:    Checking defaults for U/cmr/m/n on input line 5.
LaTeX Font Info:    ... okay on input line 5.

(/usr/share/texlive/texmf-dist/tex/latex/ucs/ucsencs.def
File: ucsencs.def 2011/01/21 Fixes to fontencodings LGR, T3
)
(/usr/share/texlive/texmf-dist/tex/context/base/mkii/supp-pdf.mkii
[Loading MPS to PDF converter (version 2006.09.02).]
\scratchcounter=\count330
\scratchdimen=\dimen183
\scratchbox=\box102
\nofMPsegments=\count331
\nofMParguments=\count332
\everyMPshowfont=\toks237
\MPscratchCnt=\count333
\MPscratchDim=\dimen184
\MPnumerator=\count334
\makeMPintoPDFobject=\count335
\everyMPtoPDFconversion=\toks238
) (/usr/share/texlive/texmf-dist/tex/latex/epstopdf-pkg/epstopdf-base.sty
Package: epstopdf-base 2020-01-24 v2.11 Base part for package epstopdf
Package epstopdf-base Info: Redefining graphics rule for `.eps' on input line 4
85.

(/usr/share/texlive/texmf-dist/tex/latex/latexconfig/epstopdf-sys.cfg
File: epstopdf-sys.cfg 2010/07/13 v1.3 Configuration of (r)epstopdf for TeX Liv
e
))
\AMC@ovalbox@R=\box103
\AMC@ovalbox@RF=\box104
\AMC@ovalbox@=\box105
\AMC@ovalbox@F=\box106

*geometry* driver: auto-detecting
*geometry* detected driver: pdftex
*geometry* verbose mode - [ preamble ] result:
* driver: pdftex
* paper: a4paper
* layout: <same size as paper>
* layoutoffset:(h,v)=(0.0pt,0.0pt)
* modes: 
* h-part:(L,W,R)=(56.9055pt, 483.69687pt, 56.9055pt)
* v-part:(T,H,B)=(71.13188pt, 717.00946pt, 56.9055pt)
* \paperwidth=597.50787pt
* \paperheight=845.04684pt
* \textwidth=483.69687pt
* \textheight=717.00946pt
* \oddsidemargin=-15.36449pt
* \evensidemargin=-15.36449pt
* \topmargin=-66.57951pt
* \headheight=56.9055pt
* \headsep=8.5359pt
* \topskip=10.0pt
* \footskip=28.45274pt
* \marginparwidth=57.0pt
* \marginparsep=11.0pt
* \columnsep=10.0pt
* \skip\footins=9.0pt plus 4.0pt minus 2.0pt
* \hoffset=0.0pt
* \voffset=0.0pt
* \mag=1000
* \@twocolumnfalse
* \@twosidefalse
* \@mparswitchfalse
* \@reversemarginfalse
* (1in=72.27pt=25.4mm, 1cm=28.453pt)

(./ai-vocabulary-fillblanks.tex
\ai-vocabulary-fillblanks@k=\count336
\AMCai-vocabulary-fillblanks@j=\count337
\ai-vocabulary-fillblanks@i=\toks239
\ai-vocabulary-fillblanks@ii=\toks240
\ai-vocabulary-fillblanks@iii=\toks241
\ai-vocabulary-fillblanks@iv=\toks242
\ai-vocabulary-fillblanks@v=\toks243
\ai-vocabulary-fillblanks@vi=\toks244
\ai-vocabulary-fillblanks@vii=\toks245
\ai-vocabulary-fillblanks@viii=\toks246
\ai-vocabulary-fillblanks@ix=\toks247
\ai-vocabulary-fillblanks@x=\toks248
) (./ai-vocabulary-matching.tex
\ai-vocabulary-matching@k=\count338
\AMCai-vocabulary-matching@j=\count339
\ai-vocabulary-matching@i=\toks249
)
(./ai-vocabulary-translation.tex
\ai-vocabulary-translation@k=\count340
\AMCai-vocabulary-translation@j=\count341
\ai-vocabulary-translation@i=\toks250
\ai-vocabulary-translation@ii=\toks251
\ai-vocabulary-translation@iii=\toks252
\ai-vocabulary-translation@iv=\toks253
\ai-vocabulary-translation@v=\toks254
\ai-vocabulary-translation@vi=\toks255
\ai-vocabulary-translation@vii=\toks256
\ai-vocabulary-translation@viii=\toks257
\ai-vocabulary-translation@ix=\toks258
\ai-vocabulary-translation@x=\toks259
) (./P09_VOC_S04_AI_2025-10-05_entete.tex
LaTeX Font Info:    External font `cmex10' loaded for size
(Font)              <7> on input line 6.
LaTeX Font Info:    External font `cmex10' loaded for size
(Font)              <5> on input line 6.

Overfull \hbox (15.0pt too wide) in paragraph at lines 4--11
[]$[]$$[]$ 
 []

) (./VOC_S04_AI_2025-10-05_composition.tex
LaTeX Font Info:    External font `cmex10' loaded for size
(Font)              <14.4> on input line 14.

Underfull \hbox (badness 10000) in paragraph at lines 19--20

 []

LaTeX Font Info:    Trying to load font information for T1+cmtt on input line 2
0.
(/usr/share/texlive/texmf-dist/tex/latex/base/t1cmtt.fd
File: t1cmtt.fd 2019/12/16 v2.5j Standard LaTeX font definitions
) [1{/var/lib/texmf/fonts/map/pdftex/updmap/pdftex.map}

]
(/usr/share/texlive/texmf-dist/tex/latex/ucs/data/uni-0.def
File: uni-0.def 2013/05/13 UCS: Unicode data U+0000..U+00FF
)
Underfull \hbox (badness 10000) in paragraph at lines 27--28

 []

[2] [3] [4

]) (./P09_VOC_S04_AI_2025-10-05_entete.tex
Overfull \hbox (15.0pt too wide) in paragraph at lines 4--11
[]$[]$$[]$ 
 []

) (./VOC_S04_AI_2025-10-05_composition.tex
Underfull \hbox (badness 10000) in paragraph at lines 19--19

 []


Underfull \hbox (badness 10000) in paragraph at lines 19--20

 []

[1


]
Underfull \hbox (badness 10000) in paragraph at lines 27--28

 []

[2] [3] [4

]) (./P09_VOC_S04_AI_2025-10-05_entete.tex
Overfull \hbox (15.0pt too wide) in paragraph at lines 4--11
[]$[]$$[]$ 
 []

) (./VOC_S04_AI_2025-10-05_composition.tex
Underfull \hbox (badness 10000) in paragraph at lines 19--19

 []


Underfull \hbox (badness 10000) in paragraph at lines 19--20

 []

[1


]
Underfull \hbox (badness 10000) in paragraph at lines 27--28

 []

[2] [3] [4

]) (./P09_VOC_S04_AI_2025-10-05_entete.tex
Overfull \hbox (15.0pt too wide) in paragraph at lines 4--11
[]$[]$$[]$ 
 []

) (./VOC_S04_AI_2025-10-05_composition.tex
Underfull \hbox (badness 10000) in paragraph at lines 19--19

 []


Underfull \hbox (badness 10000) in paragraph at lines 19--20

 []

[1


]
Underfull \hbox (badness 10000) in paragraph at lines 27--28

 []

[2] [3] [4

]) (./P09_VOC_S04_AI_2025-10-05_entete.tex
Overfull \hbox (15.0pt too wide) in paragraph at lines 4--11
[]$[]$$[]$ 
 []

) (./VOC_S04_AI_2025-10-05_composition.tex
Underfull \hbox (badness 10000) in paragraph at lines 19--19

 []


Underfull \hbox (badness 10000) in paragraph at lines 19--20

 []

[1


]
Underfull \hbox (badness 10000) in paragraph at lines 27--28

 []

[2] [3] [4

]) (./P09_VOC_S04_AI_2025-10-05_compilation.aux) ) 
Here is how much of TeX's memory you used:
 7745 strings out of 479606
 137128 string characters out of 5877787
 606002 words of memory out of 5000000
 25587 multiletter control sequences out of 15000+600000
 474642 words of font info for 38 fonts, out of 8000000 for 9000
 372 hyphenation exceptions out of 8191
 90i,23n,93p,400b,604s stack positions out of 5000i,500n,10000p,200000b,80000s
 </home/pierres/.texlive2021/
texmf-var/fonts/pk/ljfour/jknappen/ec/ecbx1000.600pk> </home/pierres/.texlive20
21/texmf-var/fonts/pk/ljfour/jknappen/ec/ecbx1440.600pk> </home/pierres/.texliv
e2021/texmf-var/fonts/pk/ljfour/jknappen/ec/ecrm1000.600pk> </home/pierres/.tex
live2021/texmf-var/fonts/pk/ljfour/jknappen/ec/ecbx1200.600pk> </home/pierres/.
texlive2021/texmf-var/fonts/pk/ljfour/jknappen/ec/ectt1000.600pk></usr/share/te
xlive/texmf-dist/fonts/type1/public/amsfonts/cm/cmr17.pfb></usr/share/texlive/t
exmf-dist/fonts/type1/public/amsfonts/latxfont/lcircle1.pfb>
Output written on P09_VOC_S04_AI_2025-10-05_compilation.pdf (20 pages, 141201 b
ytes).
PDF statistics:
 275 PDF objects out of 1000 (max. 8388607)
 72 compressed objects within 1 object stream
 0 named destinations out of 1000 (max. 500000)
 1 words of extra memory for PDF output out of 10000 (max. 10000000)

