This is pdfTeX, Version 3.141592653-2.6-1.40.22 (TeX Live 2022/dev/Debian) (preloaded format=pdflatex 2025.5.26)  5 OCT 2025 08:27
entering extended mode
 restricted \write18 enabled.
 %&-line parsing enabled.
**P09_VOC_S04_AI_2025-10-05_entete.tex
(./P09_VOC_S04_AI_2025-10-05_entete.tex
LaTeX2e <2021-11-15> patch level 1
L3 programming layer <2022-01-21>

! LaTeX Error: Missing \begin{document}.

See the LaTeX manual or LaTeX Companion for explanation.
Type  H <return>  for immediate help.
 ...                                              
                                                  
l.4 	\begin{minipage}{0.5\linewidth}
                                    
You're in trouble here.  Try typing  <return>  to proceed.
If that doesn't work, type  X <return>  to quit.

! Undefined control sequence.
<recently read> \large 
                       
l.5 ... \textbf{\large Vocabulary Test - AI - P09}
                                                  
The control sequence at the end of the top line
of your error message was never \def'ed. If you have
misspelled it (e.g., `\hobx'), type `I' and the correct
spelling (e.g., `I\hbox'). Otherwise just continue,
and I'll forget about whatever was undefined.


Overfull \hbox (56.87466pt too wide) in paragraph at lines 5--6
[]\OT1/cmr/bx/n/10 Vocabulary
 []


Overfull \hbox (21.32071pt too wide) in paragraph at lines 5--6
\OT1/cmr/bx/n/10 Test
 []


Overfull \hbox (3.83331pt too wide) in paragraph at lines 5--6
\OT1/cmr/bx/n/10 -
 []


Overfull \hbox (13.05548pt too wide) in paragraph at lines 5--6
\OT1/cmr/bx/n/10 AI
 []


Overfull \hbox (3.83331pt too wide) in paragraph at lines 5--6
\OT1/cmr/bx/n/10 -
 []


Overfull \hbox (19.36101pt too wide) in paragraph at lines 5--6
\OT1/cmr/bx/n/10 P09 
 []

LaTeX Font Info:    External font `cmex10' loaded for size
(Font)              <7> on input line 6.
LaTeX Font Info:    External font `cmex10' loaded for size
(Font)              <5> on input line 6.
! Undefined control sequence.
l.9         \AMCcodeGridInt
                           [h]{etu}{3} \hfill
The control sequence at the end of the top line
of your error message was never \def'ed. If you have
misspelled it (e.g., `\hobx'), type `I' and the correct
spelling (e.g., `I\hbox'). Otherwise just continue,
and I'll forget about whatever was undefined.

Missing character: There is no [ in font nullfont!
Missing character: There is no h in font nullfont!
Missing character: There is no ] in font nullfont!
Missing character: There is no e in font nullfont!
Missing character: There is no t in font nullfont!
Missing character: There is no u in font nullfont!
Missing character: There is no 3 in font nullfont!

Overfull \hbox (20.0pt too wide) in paragraph at lines 4--11
[]$[]$$[]$ 
 []

! Undefined control sequence.
l.12    \champnom
                 {\fbox{
The control sequence at the end of the top line
of your error message was never \def'ed. If you have
misspelled it (e.g., `\hobx'), type `I' and the correct
spelling (e.g., `I\hbox'). Otherwise just continue,
and I'll forget about whatever was undefined.


! LaTeX Error: Missing \begin{document}.

See the LaTeX manual or LaTeX Companion for explanation.
Type  H <return>  for immediate help.
 ...                                              
                                                  
l.18         }
              }
You're in trouble here.  Try typing  <return>  to proceed.
If that doesn't work, type  X <return>  to quit.

Missing character: There is no N in font nullfont!
Missing character: There is no A in font nullfont!
Missing character: There is no M in font nullfont!
Missing character: There is no E in font nullfont!
Missing character: There is no - in font nullfont!
Missing character: There is no S in font nullfont!
Missing character: There is no u in font nullfont!
Missing character: There is no r in font nullfont!
Missing character: There is no n in font nullfont!
Missing character: There is no a in font nullfont!
Missing character: There is no m in font nullfont!
Missing character: There is no e in font nullfont!
Missing character: There is no - in font nullfont!
Missing character: There is no C in font nullfont!
Missing character: There is no l in font nullfont!
Missing character: There is no a in font nullfont!
Missing character: There is no s in font nullfont!
Missing character: There is no s in font nullfont!
Missing character: There is no : in font nullfont!
)
! Emergency stop.
<*> P09_VOC_S04_AI_2025-10-05_entete.tex
                                        
*** (job aborted, no legal \end found)

 
Here is how much of TeX's memory you used:
 21 strings out of 479606
 551 string characters out of 5877787
 285564 words of memory out of 5000000
 18109 multiletter control sequences out of 15000+600000
 469567 words of font info for 29 fonts, out of 8000000 for 9000
 372 hyphenation exceptions out of 8191
 20i,5n,18p,128b,121s stack positions out of 5000i,500n,10000p,200000b,80000s
!  ==> Fatal error occurred, no output PDF file produced!
